[2018-08-20 14:17:45] name.WARNING: account construct [] []
[2018-08-20 14:17:45] name.WARNING: account create [] []
[2018-08-20 14:17:45] name.WARNING: account createPirvateKey start [] []
[2018-08-20 14:17:45] name.WARNING: account createPirvateKey end,key:privbspA5F6bGJaGd3NcnrtsNimkFa8NedhsAmDyVhLzE3zjqFVH8h4M [] []
[2018-08-20 14:17:45] name.WARNING: account createAddress start [] []
[2018-08-20 14:17:45] name.WARNING: account createAddress end,key:buQmWJrdYJP5CPKTbkQUqscwvTGaU44dord8 [] []
[2018-08-20 14:17:45] name.WARNING: account createPublicKey start [] []
[2018-08-20 14:17:45] name.WARNING: account createPublicKey end,key:b00115764cd017e0da753271fa26cd529451a21b8253d001f0d43612e19ec632570a74ab166b [] []
[2018-08-20 14:17:45] name.WARNING: account getNonce,address:buQnv2Ym4mCUyd4L9cvVAvBYaPF2Levt4Sds [] []
[2018-08-20 14:17:48] name.WARNING: getNonce,result:{
   "error_code" : 0,
   "result" : {
      "address" : "buQnv2Ym4mCUyd4L9cvVAvBYaPF2Levt4Sds",
      "assets" : null,
      "assets_hash" : "ad67d57ae19de8068dbcd47282146bd553fe9f684c57c8c114453863ee41abc3",
      "balance" : 19175889000,
      "metadatas" : null,
      "metadatas_hash" : "ad67d57ae19de8068dbcd47282146bd553fe9f684c57c8c114453863ee41abc3",
      "nonce" : 15,
      "priv" : {
         "master_weight" : 1,
         "thresholds" : {
            "tx_threshold" : 1
         }
      }
   }
} [] []
[2018-08-20 14:17:48] name.WARNING: account activate,sourceAddress:buQnv2Ym4mCUyd4L9cvVAvBYaPF2Levt4Sds,destAddress:buQmWJrdYJP5CPKTbkQUqscwvTGaU44dord8,initBalance:10000000,metadata:,nonce: [] []
[2018-08-20 14:18:11] name.WARNING: account construct [] []
[2018-08-20 14:18:11] name.WARNING: account create [] []
[2018-08-20 14:18:11] name.WARNING: account createPirvateKey start [] []
[2018-08-20 14:18:11] name.WARNING: account createPirvateKey end,key:privbspoVKKQAvp7gH4cnGZiweciKjffU3xsVcGWC66D7tW38UFLpya5 [] []
[2018-08-20 14:18:11] name.WARNING: account createAddress start [] []
[2018-08-20 14:18:11] name.WARNING: account createAddress end,key:buQmWJrdYJP5CPKTbkQUqscwvTGaU44dord8 [] []
[2018-08-20 14:18:11] name.WARNING: account createPublicKey start [] []
[2018-08-20 14:18:11] name.WARNING: account createPublicKey end,key:b00115764cd017e0da753271fa26cd529451a21b8253d001f0d43612e19ec632570a74ab166b [] []
[2018-08-20 14:18:11] name.WARNING: account getNonce,address:buQnv2Ym4mCUyd4L9cvVAvBYaPF2Levt4Sds [] []
[2018-08-20 14:18:11] name.WARNING: getNonce,result:{
   "error_code" : 0,
   "result" : {
      "address" : "buQnv2Ym4mCUyd4L9cvVAvBYaPF2Levt4Sds",
      "assets" : null,
      "assets_hash" : "ad67d57ae19de8068dbcd47282146bd553fe9f684c57c8c114453863ee41abc3",
      "balance" : 19175889000,
      "metadatas" : null,
      "metadatas_hash" : "ad67d57ae19de8068dbcd47282146bd553fe9f684c57c8c114453863ee41abc3",
      "nonce" : 15,
      "priv" : {
         "master_weight" : 1,
         "thresholds" : {
            "tx_threshold" : 1
         }
      }
   }
} [] []
[2018-08-20 14:18:11] name.WARNING: account activate,sourceAddress:buQnv2Ym4mCUyd4L9cvVAvBYaPF2Levt4Sds,destAddress:buQmWJrdYJP5CPKTbkQUqscwvTGaU44dord8,initBalance:10000000,metadata:,nonce: [] []
[2018-08-20 14:18:11] name.NOTICE: Transaction baseTraction Transaction start [] []
[2018-08-20 14:19:19] name.WARNING: account construct [] []
[2018-08-20 14:19:19] name.WARNING: account create [] []
[2018-08-20 14:19:19] name.WARNING: account createPirvateKey start [] []
[2018-08-20 14:19:19] name.WARNING: account createPirvateKey end,key:privbtLbBLdmUj72qwHxjQotHQCS1TdYuWWpGFMEYXvBTRscpQ5983Rt [] []
[2018-08-20 14:19:19] name.WARNING: account createAddress start [] []
[2018-08-20 14:19:19] name.WARNING: account createAddress end,key:buQmWJrdYJP5CPKTbkQUqscwvTGaU44dord8 [] []
[2018-08-20 14:19:19] name.WARNING: account createPublicKey start [] []
[2018-08-20 14:19:19] name.WARNING: account createPublicKey end,key:b00115764cd017e0da753271fa26cd529451a21b8253d001f0d43612e19ec632570a74ab166b [] []
[2018-08-20 14:19:19] name.WARNING: account getNonce,address:buQnv2Ym4mCUyd4L9cvVAvBYaPF2Levt4Sds [] []
[2018-08-20 14:19:19] name.WARNING: getNonce,result:{
   "error_code" : 0,
   "result" : {
      "address" : "buQnv2Ym4mCUyd4L9cvVAvBYaPF2Levt4Sds",
      "assets" : null,
      "assets_hash" : "ad67d57ae19de8068dbcd47282146bd553fe9f684c57c8c114453863ee41abc3",
      "balance" : 19175889000,
      "metadatas" : null,
      "metadatas_hash" : "ad67d57ae19de8068dbcd47282146bd553fe9f684c57c8c114453863ee41abc3",
      "nonce" : 15,
      "priv" : {
         "master_weight" : 1,
         "thresholds" : {
            "tx_threshold" : 1
         }
      }
   }
} [] []
[2018-08-20 14:19:19] name.WARNING: account activate,sourceAddress:buQnv2Ym4mCUyd4L9cvVAvBYaPF2Levt4Sds,destAddress:buQmWJrdYJP5CPKTbkQUqscwvTGaU44dord8,initBalance:10000000,metadata:,nonce: [] []
[2018-08-20 14:19:19] name.NOTICE: Transaction baseTraction Transaction start [] []
[2018-08-20 14:20:24] name.WARNING: account construct [] []
[2018-08-20 14:20:24] name.WARNING: account create [] []
[2018-08-20 14:20:24] name.WARNING: account createPirvateKey start [] []
[2018-08-20 14:20:24] name.WARNING: account createPirvateKey end,key:privbsa5bttBhjucmLzq7doP4rBc5xtcL4jhYU98u8crnXLxkG6gqg19 [] []
[2018-08-20 14:20:24] name.WARNING: account createAddress start [] []
[2018-08-20 14:20:24] name.WARNING: account createAddress end,key:buQmWJrdYJP5CPKTbkQUqscwvTGaU44dord8 [] []
[2018-08-20 14:20:24] name.WARNING: account createPublicKey start [] []
[2018-08-20 14:20:24] name.WARNING: account createPublicKey end,key:b00115764cd017e0da753271fa26cd529451a21b8253d001f0d43612e19ec632570a74ab166b [] []
[2018-08-20 14:20:24] name.WARNING: account getNonce,address:buQnv2Ym4mCUyd4L9cvVAvBYaPF2Levt4Sds [] []
[2018-08-20 14:20:24] name.WARNING: getNonce,result:{
   "error_code" : 0,
   "result" : {
      "address" : "buQnv2Ym4mCUyd4L9cvVAvBYaPF2Levt4Sds",
      "assets" : null,
      "assets_hash" : "ad67d57ae19de8068dbcd47282146bd553fe9f684c57c8c114453863ee41abc3",
      "balance" : 19175889000,
      "metadatas" : null,
      "metadatas_hash" : "ad67d57ae19de8068dbcd47282146bd553fe9f684c57c8c114453863ee41abc3",
      "nonce" : 15,
      "priv" : {
         "master_weight" : 1,
         "thresholds" : {
            "tx_threshold" : 1
         }
      }
   }
} [] []
[2018-08-20 14:20:24] name.WARNING: account activate,sourceAddress:buQnv2Ym4mCUyd4L9cvVAvBYaPF2Levt4Sds,destAddress:buQmWJrdYJP5CPKTbkQUqscwvTGaU44dord8,initBalance:10000000,metadata:,nonce: [] []
[2018-08-20 14:20:24] name.NOTICE: Transaction baseTraction Transaction start [] []
[2018-08-20 14:20:48] name.WARNING: account construct [] []
[2018-08-20 14:20:48] name.WARNING: account create [] []
[2018-08-20 14:20:48] name.WARNING: account createPirvateKey start [] []
[2018-08-20 14:20:48] name.WARNING: account createPirvateKey end,key:privbsH962X7Pkj5GSnaA4DpmLtWVmyA1ac6iZECWtxARxKXbQHJNemD [] []
[2018-08-20 14:20:48] name.WARNING: account createAddress start [] []
[2018-08-20 14:20:48] name.WARNING: account createAddress end,key:buQmWJrdYJP5CPKTbkQUqscwvTGaU44dord8 [] []
[2018-08-20 14:20:48] name.WARNING: account createPublicKey start [] []
[2018-08-20 14:20:48] name.WARNING: account createPublicKey end,key:b00115764cd017e0da753271fa26cd529451a21b8253d001f0d43612e19ec632570a74ab166b [] []
[2018-08-20 14:20:48] name.WARNING: account getNonce,address:buQnv2Ym4mCUyd4L9cvVAvBYaPF2Levt4Sds [] []
[2018-08-20 14:20:48] name.WARNING: getNonce,result:{
   "error_code" : 0,
   "result" : {
      "address" : "buQnv2Ym4mCUyd4L9cvVAvBYaPF2Levt4Sds",
      "assets" : null,
      "assets_hash" : "ad67d57ae19de8068dbcd47282146bd553fe9f684c57c8c114453863ee41abc3",
      "balance" : 19175889000,
      "metadatas" : null,
      "metadatas_hash" : "ad67d57ae19de8068dbcd47282146bd553fe9f684c57c8c114453863ee41abc3",
      "nonce" : 15,
      "priv" : {
         "master_weight" : 1,
         "thresholds" : {
            "tx_threshold" : 1
         }
      }
   }
} [] []
[2018-08-20 14:20:48] name.WARNING: account activate,sourceAddress:buQnv2Ym4mCUyd4L9cvVAvBYaPF2Levt4Sds,destAddress:buQmWJrdYJP5CPKTbkQUqscwvTGaU44dord8,initBalance:10000000,metadata:,nonce: [] []
[2018-08-20 14:20:48] name.NOTICE: Transaction baseTraction Transaction start [] []
[2018-08-20 14:37:12] name.WARNING: account construct [] []
[2018-08-20 14:37:12] name.WARNING: account create [] []
[2018-08-20 14:37:12] name.WARNING: account createPirvateKey start [] []
[2018-08-20 14:37:12] name.WARNING: account createPirvateKey end,key:privbtUu8NdqdkU7xCeLGENfGBMhn2FDotQUs2PMmudkdZ4eRyj9kD9j [] []
[2018-08-20 14:37:12] name.WARNING: account createAddress start [] []
[2018-08-20 14:37:12] name.WARNING: account createAddress end,key:buQmWJrdYJP5CPKTbkQUqscwvTGaU44dord8 [] []
[2018-08-20 14:37:12] name.WARNING: account createPublicKey start [] []
[2018-08-20 14:37:12] name.WARNING: account createPublicKey end,key:b00115764cd017e0da753271fa26cd529451a21b8253d001f0d43612e19ec632570a74ab166b [] []
[2018-08-20 14:37:12] name.WARNING: account getNonce,address:buQnv2Ym4mCUyd4L9cvVAvBYaPF2Levt4Sds [] []
[2018-08-20 14:37:12] name.WARNING: getNonce,result:{
   "error_code" : 0,
   "result" : {
      "address" : "buQnv2Ym4mCUyd4L9cvVAvBYaPF2Levt4Sds",
      "assets" : null,
      "assets_hash" : "ad67d57ae19de8068dbcd47282146bd553fe9f684c57c8c114453863ee41abc3",
      "balance" : 19175889000,
      "metadatas" : null,
      "metadatas_hash" : "ad67d57ae19de8068dbcd47282146bd553fe9f684c57c8c114453863ee41abc3",
      "nonce" : 15,
      "priv" : {
         "master_weight" : 1,
         "thresholds" : {
            "tx_threshold" : 1
         }
      }
   }
} [] []
[2018-08-20 14:37:17] name.WARNING: account construct [] []
[2018-08-20 14:37:17] name.WARNING: account create [] []
[2018-08-20 14:37:17] name.WARNING: account createPirvateKey start [] []
[2018-08-20 14:37:17] name.WARNING: account createPirvateKey end,key:privbUZghAb5HSNFqMPds6YddaYvSQCBf3HgzvSuBFvDPDzd7ayCX21M [] []
[2018-08-20 14:37:17] name.WARNING: account createAddress start [] []
[2018-08-20 14:37:17] name.WARNING: account createAddress end,key:buQmWJrdYJP5CPKTbkQUqscwvTGaU44dord8 [] []
[2018-08-20 14:37:17] name.WARNING: account createPublicKey start [] []
[2018-08-20 14:37:17] name.WARNING: account createPublicKey end,key:b00115764cd017e0da753271fa26cd529451a21b8253d001f0d43612e19ec632570a74ab166b [] []
[2018-08-20 14:37:17] name.WARNING: account getNonce,address:buQnv2Ym4mCUyd4L9cvVAvBYaPF2Levt4Sds [] []
[2018-08-20 14:37:17] name.WARNING: getNonce,result:{
   "error_code" : 0,
   "result" : {
      "address" : "buQnv2Ym4mCUyd4L9cvVAvBYaPF2Levt4Sds",
      "assets" : null,
      "assets_hash" : "ad67d57ae19de8068dbcd47282146bd553fe9f684c57c8c114453863ee41abc3",
      "balance" : 19175889000,
      "metadatas" : null,
      "metadatas_hash" : "ad67d57ae19de8068dbcd47282146bd553fe9f684c57c8c114453863ee41abc3",
      "nonce" : 15,
      "priv" : {
         "master_weight" : 1,
         "thresholds" : {
            "tx_threshold" : 1
         }
      }
   }
} [] []
[2018-08-20 14:37:31] name.WARNING: account construct [] []
[2018-08-20 14:37:31] name.WARNING: account create [] []
[2018-08-20 14:37:31] name.WARNING: account createPirvateKey start [] []
[2018-08-20 14:37:31] name.WARNING: account createPirvateKey end,key:privbxuv7mH6L7da1uAwT2jeSLL2tebar8PKSurYDvRnVvsTMft67PFV [] []
[2018-08-20 14:37:31] name.WARNING: account createAddress start [] []
[2018-08-20 14:37:31] name.WARNING: account createAddress end,key:buQmWJrdYJP5CPKTbkQUqscwvTGaU44dord8 [] []
[2018-08-20 14:37:31] name.WARNING: account createPublicKey start [] []
[2018-08-20 14:37:31] name.WARNING: account createPublicKey end,key:b00115764cd017e0da753271fa26cd529451a21b8253d001f0d43612e19ec632570a74ab166b [] []
[2018-08-20 14:37:31] name.WARNING: account getNonce,address:buQnv2Ym4mCUyd4L9cvVAvBYaPF2Levt4Sds [] []
[2018-08-20 14:37:31] name.WARNING: getNonce,result:{
   "error_code" : 0,
   "result" : {
      "address" : "buQnv2Ym4mCUyd4L9cvVAvBYaPF2Levt4Sds",
      "assets" : null,
      "assets_hash" : "ad67d57ae19de8068dbcd47282146bd553fe9f684c57c8c114453863ee41abc3",
      "balance" : 19175889000,
      "metadatas" : null,
      "metadatas_hash" : "ad67d57ae19de8068dbcd47282146bd553fe9f684c57c8c114453863ee41abc3",
      "nonce" : 15,
      "priv" : {
         "master_weight" : 1,
         "thresholds" : {
            "tx_threshold" : 1
         }
      }
   }
} [] []
[2018-08-20 14:37:31] name.WARNING: account activate,sourceAddress:buQnv2Ym4mCUyd4L9cvVAvBYaPF2Levt4Sds,destAddress:buQmWJrdYJP5CPKTbkQUqscwvTGaU44dord8,initBalance:10000000,metadata:,nonce: [] []
[2018-08-20 14:37:31] name.NOTICE: Transaction baseTraction Transaction start [] []
[2018-08-20 14:43:09] name.WARNING: account construct [] []
[2018-08-20 14:43:09] name.WARNING: account create [] []
[2018-08-20 14:43:09] name.WARNING: account createPirvateKey start [] []
[2018-08-20 14:43:09] name.WARNING: account createPirvateKey end,key:privbsKVXzfBKevWU8CmRby5hoj9MTkh4muZtSziAw7Wd8hLygDodyXs [] []
[2018-08-20 14:43:09] name.WARNING: account createAddress start [] []
[2018-08-20 14:43:09] name.WARNING: account createAddress end,key:buQmWJrdYJP5CPKTbkQUqscwvTGaU44dord8 [] []
[2018-08-20 14:43:09] name.WARNING: account createPublicKey start [] []
[2018-08-20 14:43:09] name.WARNING: account createPublicKey end,key:b00115764cd017e0da753271fa26cd529451a21b8253d001f0d43612e19ec632570a74ab166b [] []
[2018-08-20 14:43:09] name.WARNING: account getNonce,address:buQnv2Ym4mCUyd4L9cvVAvBYaPF2Levt4Sds [] []
[2018-08-20 14:43:09] name.WARNING: getNonce,result:{
   "error_code" : 0,
   "result" : {
      "address" : "buQnv2Ym4mCUyd4L9cvVAvBYaPF2Levt4Sds",
      "assets" : null,
      "assets_hash" : "ad67d57ae19de8068dbcd47282146bd553fe9f684c57c8c114453863ee41abc3",
      "balance" : 19175889000,
      "metadatas" : null,
      "metadatas_hash" : "ad67d57ae19de8068dbcd47282146bd553fe9f684c57c8c114453863ee41abc3",
      "nonce" : 15,
      "priv" : {
         "master_weight" : 1,
         "thresholds" : {
            "tx_threshold" : 1
         }
      }
   }
} [] []
[2018-08-20 14:43:09] name.WARNING: account activate,sourceAddress:buQnv2Ym4mCUyd4L9cvVAvBYaPF2Levt4Sds,destAddress:buQmWJrdYJP5CPKTbkQUqscwvTGaU44dord8,initBalance:10000000,metadata:,nonce: [] []
[2018-08-20 14:43:09] name.NOTICE: Transaction baseTraction Transaction start [] []
[2018-08-20 14:43:10] name.NOTICE: Transaction baseTraction opers start [] []
[2018-08-20 14:43:58] name.WARNING: account construct [] []
[2018-08-20 14:43:58] name.WARNING: account create [] []
[2018-08-20 14:43:58] name.WARNING: account createPirvateKey start [] []
[2018-08-20 14:43:58] name.WARNING: account createPirvateKey end,key:privbtqwjL8B7H74nARY6BqQYuXUULUrMgFYz2v4gjbK4Wstr4BdnRbh [] []
[2018-08-20 14:43:58] name.WARNING: account createAddress start [] []
[2018-08-20 14:43:58] name.WARNING: account createAddress end,key:buQmWJrdYJP5CPKTbkQUqscwvTGaU44dord8 [] []
[2018-08-20 14:43:58] name.WARNING: account createPublicKey start [] []
[2018-08-20 14:43:58] name.WARNING: account createPublicKey end,key:b00115764cd017e0da753271fa26cd529451a21b8253d001f0d43612e19ec632570a74ab166b [] []
[2018-08-20 14:43:58] name.WARNING: account getNonce,address:buQnv2Ym4mCUyd4L9cvVAvBYaPF2Levt4Sds [] []
[2018-08-20 14:43:58] name.WARNING: getNonce,result:{
   "error_code" : 0,
   "result" : {
      "address" : "buQnv2Ym4mCUyd4L9cvVAvBYaPF2Levt4Sds",
      "assets" : null,
      "assets_hash" : "ad67d57ae19de8068dbcd47282146bd553fe9f684c57c8c114453863ee41abc3",
      "balance" : 19175889000,
      "metadatas" : null,
      "metadatas_hash" : "ad67d57ae19de8068dbcd47282146bd553fe9f684c57c8c114453863ee41abc3",
      "nonce" : 15,
      "priv" : {
         "master_weight" : 1,
         "thresholds" : {
            "tx_threshold" : 1
         }
      }
   }
} [] []
[2018-08-20 14:43:58] name.WARNING: account activate,sourceAddress:buQnv2Ym4mCUyd4L9cvVAvBYaPF2Levt4Sds,destAddress:buQmWJrdYJP5CPKTbkQUqscwvTGaU44dord8,initBalance:10000000,metadata:,nonce: [] []
[2018-08-20 14:43:58] name.NOTICE: Transaction baseTraction Transaction start [] []
[2018-08-20 14:43:59] name.NOTICE: Transaction baseTraction opers start [] []
[2018-08-20 14:44:04] name.WARNING: account construct [] []
[2018-08-20 14:44:04] name.WARNING: account create [] []
[2018-08-20 14:44:04] name.WARNING: account createPirvateKey start [] []
[2018-08-20 14:44:04] name.WARNING: account createPirvateKey end,key:privbtx9G5JVpykmwN46V5yk6Xi7aNoxEqkthAY2waJSP8y8LQaVQQPV [] []
[2018-08-20 14:44:04] name.WARNING: account createAddress start [] []
[2018-08-20 14:44:04] name.WARNING: account createAddress end,key:buQmWJrdYJP5CPKTbkQUqscwvTGaU44dord8 [] []
[2018-08-20 14:44:04] name.WARNING: account createPublicKey start [] []
[2018-08-20 14:44:04] name.WARNING: account createPublicKey end,key:b00115764cd017e0da753271fa26cd529451a21b8253d001f0d43612e19ec632570a74ab166b [] []
[2018-08-20 14:44:04] name.WARNING: account getNonce,address:buQnv2Ym4mCUyd4L9cvVAvBYaPF2Levt4Sds [] []
[2018-08-20 14:44:04] name.WARNING: getNonce,result:{
   "error_code" : 0,
   "result" : {
      "address" : "buQnv2Ym4mCUyd4L9cvVAvBYaPF2Levt4Sds",
      "assets" : null,
      "assets_hash" : "ad67d57ae19de8068dbcd47282146bd553fe9f684c57c8c114453863ee41abc3",
      "balance" : 19175889000,
      "metadatas" : null,
      "metadatas_hash" : "ad67d57ae19de8068dbcd47282146bd553fe9f684c57c8c114453863ee41abc3",
      "nonce" : 15,
      "priv" : {
         "master_weight" : 1,
         "thresholds" : {
            "tx_threshold" : 1
         }
      }
   }
} [] []
[2018-08-20 14:44:04] name.WARNING: account activate,sourceAddress:buQnv2Ym4mCUyd4L9cvVAvBYaPF2Levt4Sds,destAddress:buQmWJrdYJP5CPKTbkQUqscwvTGaU44dord8,initBalance:10000000,metadata:,nonce: [] []
[2018-08-20 14:44:04] name.NOTICE: Transaction baseTraction Transaction start [] []
[2018-08-20 14:44:05] name.NOTICE: Transaction baseTraction opers start [] []
[2018-08-20 14:44:11] name.WARNING: account construct [] []
[2018-08-20 14:44:11] name.WARNING: account create [] []
[2018-08-20 14:44:11] name.WARNING: account createPirvateKey start [] []
[2018-08-20 14:44:11] name.WARNING: account createPirvateKey end,key:privbyr3qGNs3N8uMbJYGhTBmDiWRwbtaZFu4TWP4anvJYQLytGdDgqi [] []
[2018-08-20 14:44:11] name.WARNING: account createAddress start [] []
[2018-08-20 14:44:11] name.WARNING: account createAddress end,key:buQmWJrdYJP5CPKTbkQUqscwvTGaU44dord8 [] []
[2018-08-20 14:44:11] name.WARNING: account createPublicKey start [] []
[2018-08-20 14:44:11] name.WARNING: account createPublicKey end,key:b00115764cd017e0da753271fa26cd529451a21b8253d001f0d43612e19ec632570a74ab166b [] []
[2018-08-20 14:44:11] name.WARNING: account getNonce,address:buQnv2Ym4mCUyd4L9cvVAvBYaPF2Levt4Sds [] []
[2018-08-20 14:44:11] name.WARNING: getNonce,result:{
   "error_code" : 0,
   "result" : {
      "address" : "buQnv2Ym4mCUyd4L9cvVAvBYaPF2Levt4Sds",
      "assets" : null,
      "assets_hash" : "ad67d57ae19de8068dbcd47282146bd553fe9f684c57c8c114453863ee41abc3",
      "balance" : 19175889000,
      "metadatas" : null,
      "metadatas_hash" : "ad67d57ae19de8068dbcd47282146bd553fe9f684c57c8c114453863ee41abc3",
      "nonce" : 15,
      "priv" : {
         "master_weight" : 1,
         "thresholds" : {
            "tx_threshold" : 1
         }
      }
   }
} [] []
[2018-08-20 14:44:11] name.WARNING: account activate,sourceAddress:buQnv2Ym4mCUyd4L9cvVAvBYaPF2Levt4Sds,destAddress:buQmWJrdYJP5CPKTbkQUqscwvTGaU44dord8,initBalance:10000000,metadata:,nonce: [] []
[2018-08-20 14:44:11] name.NOTICE: Transaction baseTraction Transaction start [] []
[2018-08-20 14:44:12] name.NOTICE: Transaction baseTraction opers start [] []
[2018-08-20 14:53:18] name.WARNING: account construct [] []
[2018-08-20 14:53:18] name.WARNING: account create [] []
[2018-08-20 14:53:18] name.WARNING: account createPirvateKey start [] []
[2018-08-20 14:53:18] name.WARNING: account createPirvateKey end,key:privbvxk7SyGvbrNAhka8BgGEuESc1umUJ563LVDef7RFnaYnMNFxgcX [] []
[2018-08-20 14:53:18] name.WARNING: account createAddress start [] []
[2018-08-20 14:53:18] name.WARNING: account createAddress end,key:buQmWJrdYJP5CPKTbkQUqscwvTGaU44dord8 [] []
[2018-08-20 14:53:18] name.WARNING: account createPublicKey start [] []
[2018-08-20 14:53:18] name.WARNING: account createPublicKey end,key:b00115764cd017e0da753271fa26cd529451a21b8253d001f0d43612e19ec632570a74ab166b [] []
[2018-08-20 14:53:18] name.WARNING: account getNonce,address:buQnv2Ym4mCUyd4L9cvVAvBYaPF2Levt4Sds [] []
[2018-08-20 14:53:20] name.WARNING: getNonce,result:{
   "error_code" : 0,
   "result" : {
      "address" : "buQnv2Ym4mCUyd4L9cvVAvBYaPF2Levt4Sds",
      "assets" : null,
      "assets_hash" : "ad67d57ae19de8068dbcd47282146bd553fe9f684c57c8c114453863ee41abc3",
      "balance" : 19175889000,
      "metadatas" : null,
      "metadatas_hash" : "ad67d57ae19de8068dbcd47282146bd553fe9f684c57c8c114453863ee41abc3",
      "nonce" : 15,
      "priv" : {
         "master_weight" : 1,
         "thresholds" : {
            "tx_threshold" : 1
         }
      }
   }
} [] []
[2018-08-20 14:53:20] name.WARNING: account activate,sourceAddress:buQnv2Ym4mCUyd4L9cvVAvBYaPF2Levt4Sds,destAddress:buQmWJrdYJP5CPKTbkQUqscwvTGaU44dord8,initBalance:10000000,metadata:,nonce: [] []
[2018-08-20 14:53:20] name.NOTICE: Transaction baseTraction Transaction start [] []
[2018-08-20 14:53:21] name.NOTICE: Transaction baseTraction opers start [] []
[2018-08-20 14:59:12] name.WARNING: account construct [] []
[2018-08-20 14:59:12] name.WARNING: account create [] []
[2018-08-20 14:59:12] name.WARNING: account createPirvateKey start [] []
[2018-08-20 14:59:12] name.WARNING: account createPirvateKey end,key:privbvekEdarKU5ybHqwGMMT9RrmBJfM4Z2Z6wmgAvgnFAMbsD4PVvCf [] []
[2018-08-20 14:59:12] name.WARNING: account createAddress start [] []
[2018-08-20 14:59:12] name.WARNING: account createAddress end,key:buQmWJrdYJP5CPKTbkQUqscwvTGaU44dord8 [] []
[2018-08-20 14:59:12] name.WARNING: account createPublicKey start [] []
[2018-08-20 14:59:12] name.WARNING: account createPublicKey end,key:b00115764cd017e0da753271fa26cd529451a21b8253d001f0d43612e19ec632570a74ab166b [] []
[2018-08-20 15:04:54] name.WARNING: account construct [] []
[2018-08-20 15:04:54] name.WARNING: account create [] []
[2018-08-20 15:04:54] name.WARNING: account createPirvateKey start [] []
[2018-08-20 15:04:54] name.WARNING: account createPirvateKey end,key:privbyS5efedKW4JK7dcdYvYyMhzhjgqDr8YDX9tcRx47onGVaPwbxF3 [] []
[2018-08-20 15:04:54] name.WARNING: account createAddress start [] []
[2018-08-20 15:04:54] name.WARNING: account createAddress end,key:buQmWJrdYJP5CPKTbkQUqscwvTGaU44dord8 [] []
[2018-08-20 15:04:54] name.WARNING: account createPublicKey start [] []
[2018-08-20 15:04:54] name.WARNING: account createPublicKey end,key:b00115764cd017e0da753271fa26cd529451a21b8253d001f0d43612e19ec632570a74ab166b [] []
[2018-08-20 15:04:56] name.WARNING: account construct [] []
[2018-08-20 15:04:56] name.WARNING: account create [] []
[2018-08-20 15:04:56] name.WARNING: account createPirvateKey start [] []
[2018-08-20 15:04:56] name.WARNING: account createPirvateKey end,key:privby36VaDP86BEWyW7KNKaps9vSvfwkf4TwghYbKXoTjBDfpUztPZz [] []
[2018-08-20 15:04:56] name.WARNING: account createAddress start [] []
[2018-08-20 15:04:56] name.WARNING: account createAddress end,key:buQmWJrdYJP5CPKTbkQUqscwvTGaU44dord8 [] []
[2018-08-20 15:04:56] name.WARNING: account createPublicKey start [] []
[2018-08-20 15:04:56] name.WARNING: account createPublicKey end,key:b00115764cd017e0da753271fa26cd529451a21b8253d001f0d43612e19ec632570a74ab166b [] []
[2018-08-20 15:04:56] name.WARNING: account getNonce,address:buQnv2Ym4mCUyd4L9cvVAvBYaPF2Levt4Sds [] []
[2018-08-20 15:04:58] name.WARNING: getNonce,result:{
   "error_code" : 0,
   "result" : {
      "address" : "buQnv2Ym4mCUyd4L9cvVAvBYaPF2Levt4Sds",
      "assets" : null,
      "assets_hash" : "ad67d57ae19de8068dbcd47282146bd553fe9f684c57c8c114453863ee41abc3",
      "balance" : 19175889000,
      "metadatas" : null,
      "metadatas_hash" : "ad67d57ae19de8068dbcd47282146bd553fe9f684c57c8c114453863ee41abc3",
      "nonce" : 15,
      "priv" : {
         "master_weight" : 1,
         "thresholds" : {
            "tx_threshold" : 1
         }
      }
   }
} [] []
[2018-08-20 15:04:58] name.WARNING: account activate,sourceAddress:buQnv2Ym4mCUyd4L9cvVAvBYaPF2Levt4Sds,destAddress:buQmWJrdYJP5CPKTbkQUqscwvTGaU44dord8,initBalance:10000000,metadata:,nonce: [] []
[2018-08-20 15:04:58] name.NOTICE: Transaction baseTraction Transaction start [] []
[2018-08-20 15:04:59] name.NOTICE: Transaction baseTraction opers start [] []
[2018-08-20 15:05:24] name.WARNING: account construct [] []
[2018-08-20 15:05:24] name.WARNING: account create [] []
[2018-08-20 15:05:24] name.WARNING: account createPirvateKey start [] []
[2018-08-20 15:05:24] name.WARNING: account createPirvateKey end,key:privbtTmBkbV9Gv7fhgnsWg9Ht5GTRtSfLmenBjcJ92oczGEbBuKw1F2 [] []
[2018-08-20 15:05:24] name.WARNING: account createAddress start [] []
[2018-08-20 15:05:24] name.WARNING: account createAddress end,key:buQmWJrdYJP5CPKTbkQUqscwvTGaU44dord8 [] []
[2018-08-20 15:05:24] name.WARNING: account createPublicKey start [] []
[2018-08-20 15:05:24] name.WARNING: account createPublicKey end,key:b00115764cd017e0da753271fa26cd529451a21b8253d001f0d43612e19ec632570a74ab166b [] []
[2018-08-20 15:05:24] name.WARNING: account getNonce,address:buQnv2Ym4mCUyd4L9cvVAvBYaPF2Levt4Sds [] []
[2018-08-20 15:05:24] name.WARNING: getNonce,result:{
   "error_code" : 0,
   "result" : {
      "address" : "buQnv2Ym4mCUyd4L9cvVAvBYaPF2Levt4Sds",
      "assets" : null,
      "assets_hash" : "ad67d57ae19de8068dbcd47282146bd553fe9f684c57c8c114453863ee41abc3",
      "balance" : 19175889000,
      "metadatas" : null,
      "metadatas_hash" : "ad67d57ae19de8068dbcd47282146bd553fe9f684c57c8c114453863ee41abc3",
      "nonce" : 15,
      "priv" : {
         "master_weight" : 1,
         "thresholds" : {
            "tx_threshold" : 1
         }
      }
   }
} [] []
[2018-08-20 15:05:24] name.WARNING: account activate,sourceAddress:buQnv2Ym4mCUyd4L9cvVAvBYaPF2Levt4Sds,destAddress:buQmWJrdYJP5CPKTbkQUqscwvTGaU44dord8,initBalance:10000000,metadata:,nonce: [] []
[2018-08-20 15:05:24] name.NOTICE: Transaction baseTraction Transaction start [] []
[2018-08-20 15:05:25] name.NOTICE: Transaction baseTraction opers start [] []
[2018-08-20 15:05:45] name.WARNING: account construct [] []
[2018-08-20 15:05:45] name.WARNING: account create [] []
[2018-08-20 15:05:45] name.WARNING: account createPirvateKey start [] []
[2018-08-20 15:05:45] name.WARNING: account createPirvateKey end,key:privbzu6UCjRDmXpZvHMQvb6xojFpheY91n7uUJpAwGGJ4Nic5TBZyHV [] []
[2018-08-20 15:05:45] name.WARNING: account createAddress start [] []
[2018-08-20 15:05:45] name.WARNING: account createAddress end,key:buQmWJrdYJP5CPKTbkQUqscwvTGaU44dord8 [] []
[2018-08-20 15:05:45] name.WARNING: account createPublicKey start [] []
[2018-08-20 15:05:45] name.WARNING: account createPublicKey end,key:b00115764cd017e0da753271fa26cd529451a21b8253d001f0d43612e19ec632570a74ab166b [] []
[2018-08-20 15:05:45] name.WARNING: account getNonce,address:buQnv2Ym4mCUyd4L9cvVAvBYaPF2Levt4Sds [] []
[2018-08-20 15:05:45] name.WARNING: getNonce,result:{
   "error_code" : 0,
   "result" : {
      "address" : "buQnv2Ym4mCUyd4L9cvVAvBYaPF2Levt4Sds",
      "assets" : null,
      "assets_hash" : "ad67d57ae19de8068dbcd47282146bd553fe9f684c57c8c114453863ee41abc3",
      "balance" : 19175889000,
      "metadatas" : null,
      "metadatas_hash" : "ad67d57ae19de8068dbcd47282146bd553fe9f684c57c8c114453863ee41abc3",
      "nonce" : 15,
      "priv" : {
         "master_weight" : 1,
         "thresholds" : {
            "tx_threshold" : 1
         }
      }
   }
} [] []
[2018-08-20 15:05:45] name.WARNING: account activate,sourceAddress:buQnv2Ym4mCUyd4L9cvVAvBYaPF2Levt4Sds,destAddress:buQmWJrdYJP5CPKTbkQUqscwvTGaU44dord8,initBalance:10000000,metadata:,nonce: [] []
[2018-08-20 15:05:45] name.NOTICE: Transaction baseTraction Transaction start [] []
[2018-08-20 15:05:46] name.NOTICE: Transaction baseTraction opers start [] []
[2018-08-20 15:05:46] name.NOTICE: account activate serializeToString start [] []
[2018-08-20 15:05:46] name.NOTICE: account activate,serialTran:0a246275516e7632596d346d43557964344c3963765641764259615046324c6576743453647310011880ade20420e8073a5d080112246275516e7632596d346d43557964344c3963765641764259615046324c6576743453647322330a246275516d574a7264594a503543504b54626b51557173637776544761553434646f7264381a0608011a0208012880ade204 [] []
[2018-08-20 15:05:46] name.NOTICE: activateAddress,transactionblob:null [] []
[2018-08-20 15:06:12] name.WARNING: account construct [] []
[2018-08-20 15:06:12] name.WARNING: account create [] []
[2018-08-20 15:06:12] name.WARNING: account createPirvateKey start [] []
[2018-08-20 15:06:12] name.WARNING: account createPirvateKey end,key:privbyNVqySZrvLZKzgNA5CjumRuGgtyTipMciARFC4ygBkfkmRkWMNQ [] []
[2018-08-20 15:06:12] name.WARNING: account createAddress start [] []
[2018-08-20 15:06:12] name.WARNING: account createAddress end,key:buQmWJrdYJP5CPKTbkQUqscwvTGaU44dord8 [] []
[2018-08-20 15:06:12] name.WARNING: account createPublicKey start [] []
[2018-08-20 15:06:12] name.WARNING: account createPublicKey end,key:b00115764cd017e0da753271fa26cd529451a21b8253d001f0d43612e19ec632570a74ab166b [] []
[2018-08-20 15:06:12] name.WARNING: account getNonce,address:buQnv2Ym4mCUyd4L9cvVAvBYaPF2Levt4Sds [] []
[2018-08-20 15:06:12] name.WARNING: getNonce,result:{
   "error_code" : 0,
   "result" : {
      "address" : "buQnv2Ym4mCUyd4L9cvVAvBYaPF2Levt4Sds",
      "assets" : null,
      "assets_hash" : "ad67d57ae19de8068dbcd47282146bd553fe9f684c57c8c114453863ee41abc3",
      "balance" : 19175889000,
      "metadatas" : null,
      "metadatas_hash" : "ad67d57ae19de8068dbcd47282146bd553fe9f684c57c8c114453863ee41abc3",
      "nonce" : 15,
      "priv" : {
         "master_weight" : 1,
         "thresholds" : {
            "tx_threshold" : 1
         }
      }
   }
} [] []
[2018-08-20 15:06:12] name.WARNING: account activate,sourceAddress:buQnv2Ym4mCUyd4L9cvVAvBYaPF2Levt4Sds,destAddress:buQmWJrdYJP5CPKTbkQUqscwvTGaU44dord8,initBalance:10000000,metadata:,nonce: [] []
[2018-08-20 15:06:12] name.NOTICE: Transaction baseTraction Transaction start [] []
[2018-08-20 15:06:13] name.NOTICE: Transaction baseTraction opers start [] []
[2018-08-20 15:06:13] name.NOTICE: account activate serializeToString start [] []
[2018-08-20 15:06:13] name.NOTICE: account activate,serialTran:0a246275516e7632596d346d43557964344c3963765641764259615046324c6576743453647310011880ade20420e8073a5d080112246275516e7632596d346d43557964344c3963765641764259615046324c6576743453647322330a246275516d574a7264594a503543504b54626b51557173637776544761553434646f7264381a0608011a0208012880ade204 [] []
[2018-08-20 15:06:13] name.NOTICE: activateAddress,transactionblob:null [] []
[2018-08-20 15:06:57] name.WARNING: account construct [] []
[2018-08-20 15:06:57] name.WARNING: account create [] []
[2018-08-20 15:06:57] name.WARNING: account createPirvateKey start [] []
[2018-08-20 15:06:57] name.WARNING: account createPirvateKey end,key:privbyaookh9eEVu3vgi5Mdex7anRWHuw8iwDGEfc5vKmn81A1XuRiGt [] []
[2018-08-20 15:06:57] name.WARNING: account createAddress start [] []
[2018-08-20 15:06:57] name.WARNING: account createAddress end,key:buQmWJrdYJP5CPKTbkQUqscwvTGaU44dord8 [] []
[2018-08-20 15:06:57] name.WARNING: account createPublicKey start [] []
[2018-08-20 15:06:57] name.WARNING: account createPublicKey end,key:b00115764cd017e0da753271fa26cd529451a21b8253d001f0d43612e19ec632570a74ab166b [] []
[2018-08-20 15:06:57] name.WARNING: account getNonce,address:buQnv2Ym4mCUyd4L9cvVAvBYaPF2Levt4Sds [] []
[2018-08-20 15:06:57] name.WARNING: getNonce,result:{
   "error_code" : 0,
   "result" : {
      "address" : "buQnv2Ym4mCUyd4L9cvVAvBYaPF2Levt4Sds",
      "assets" : null,
      "assets_hash" : "ad67d57ae19de8068dbcd47282146bd553fe9f684c57c8c114453863ee41abc3",
      "balance" : 19175889000,
      "metadatas" : null,
      "metadatas_hash" : "ad67d57ae19de8068dbcd47282146bd553fe9f684c57c8c114453863ee41abc3",
      "nonce" : 15,
      "priv" : {
         "master_weight" : 1,
         "thresholds" : {
            "tx_threshold" : 1
         }
      }
   }
} [] []
[2018-08-20 15:07:06] name.WARNING: account construct [] []
[2018-08-20 15:07:06] name.WARNING: account create [] []
[2018-08-20 15:07:06] name.WARNING: account createPirvateKey start [] []
[2018-08-20 15:07:06] name.WARNING: account createPirvateKey end,key:privbsvNiAQCwVqpmbeBpWhCMLBPLYsZMNAxoxpRwaBr329D4yfvJn8E [] []
[2018-08-20 15:07:06] name.WARNING: account createAddress start [] []
[2018-08-20 15:07:06] name.WARNING: account createAddress end,key:buQmWJrdYJP5CPKTbkQUqscwvTGaU44dord8 [] []
[2018-08-20 15:07:06] name.WARNING: account createPublicKey start [] []
[2018-08-20 15:07:06] name.WARNING: account createPublicKey end,key:b00115764cd017e0da753271fa26cd529451a21b8253d001f0d43612e19ec632570a74ab166b [] []
[2018-08-20 15:07:06] name.WARNING: account getNonce,address:buQnv2Ym4mCUyd4L9cvVAvBYaPF2Levt4Sds [] []
[2018-08-20 15:07:06] name.WARNING: getNonce,result:{
   "error_code" : 0,
   "result" : {
      "address" : "buQnv2Ym4mCUyd4L9cvVAvBYaPF2Levt4Sds",
      "assets" : null,
      "assets_hash" : "ad67d57ae19de8068dbcd47282146bd553fe9f684c57c8c114453863ee41abc3",
      "balance" : 19175889000,
      "metadatas" : null,
      "metadatas_hash" : "ad67d57ae19de8068dbcd47282146bd553fe9f684c57c8c114453863ee41abc3",
      "nonce" : 15,
      "priv" : {
         "master_weight" : 1,
         "thresholds" : {
            "tx_threshold" : 1
         }
      }
   }
} [] []
[2018-08-20 15:07:06] name.WARNING: account activate,sourceAddress:buQnv2Ym4mCUyd4L9cvVAvBYaPF2Levt4Sds,destAddress:buQmWJrdYJP5CPKTbkQUqscwvTGaU44dord8,initBalance:10000000,metadata:,nonce: [] []
[2018-08-20 15:07:06] name.NOTICE: Transaction baseTraction Transaction start [] []
[2018-08-20 15:07:07] name.NOTICE: Transaction baseTraction opers start [] []
[2018-08-20 15:07:07] name.NOTICE: account activate serializeToString start [] []
[2018-08-20 15:07:07] name.NOTICE: account activate,serialTran:0a246275516e7632596d346d43557964344c3963765641764259615046324c6576743453647310011880ade20420e8073a5d080112246275516e7632596d346d43557964344c3963765641764259615046324c6576743453647322330a246275516d574a7264594a503543504b54626b51557173637776544761553434646f7264381a0608011a0208012880ade204 [] []
[2018-08-20 15:07:07] name.NOTICE: activateAddress,transactionblob:null [] []
[2018-08-20 15:08:13] name.WARNING: account construct [] []
[2018-08-20 15:08:13] name.WARNING: account create [] []
[2018-08-20 15:08:13] name.WARNING: account createPirvateKey start [] []
[2018-08-20 15:08:13] name.WARNING: account createPirvateKey end,key:privbxypJDwtGD2NTnY7ntkL2xGvY7gBi51quqJ5z8QELwVCTp9s7tyb [] []
[2018-08-20 15:08:13] name.WARNING: account createAddress start [] []
[2018-08-20 15:08:13] name.WARNING: account createAddress end,key:buQmWJrdYJP5CPKTbkQUqscwvTGaU44dord8 [] []
[2018-08-20 15:08:13] name.WARNING: account createPublicKey start [] []
[2018-08-20 15:08:13] name.WARNING: account createPublicKey end,key:b00115764cd017e0da753271fa26cd529451a21b8253d001f0d43612e19ec632570a74ab166b [] []
[2018-08-20 15:08:13] name.WARNING: account getNonce,address:buQnv2Ym4mCUyd4L9cvVAvBYaPF2Levt4Sds [] []
[2018-08-20 15:08:13] name.WARNING: getNonce,result:{
   "error_code" : 0,
   "result" : {
      "address" : "buQnv2Ym4mCUyd4L9cvVAvBYaPF2Levt4Sds",
      "assets" : null,
      "assets_hash" : "ad67d57ae19de8068dbcd47282146bd553fe9f684c57c8c114453863ee41abc3",
      "balance" : 19175889000,
      "metadatas" : null,
      "metadatas_hash" : "ad67d57ae19de8068dbcd47282146bd553fe9f684c57c8c114453863ee41abc3",
      "nonce" : 15,
      "priv" : {
         "master_weight" : 1,
         "thresholds" : {
            "tx_threshold" : 1
         }
      }
   }
} [] []
[2018-08-20 15:08:13] name.WARNING: account activate,sourceAddress:buQnv2Ym4mCUyd4L9cvVAvBYaPF2Levt4Sds,destAddress:buQmWJrdYJP5CPKTbkQUqscwvTGaU44dord8,initBalance:10000000,metadata:,nonce: [] []
[2018-08-20 15:08:13] name.NOTICE: Transaction baseTraction Transaction start [] []
[2018-08-20 15:08:14] name.NOTICE: Transaction baseTraction opers start [] []
[2018-08-20 15:08:14] name.NOTICE: account activate serializeToString start [] []
[2018-08-20 15:08:14] name.NOTICE: account activate,serialTran:0a246275516e7632596d346d43557964344c3963765641764259615046324c6576743453647310011880ade20420e8073a5d080112246275516e7632596d346d43557964344c3963765641764259615046324c6576743453647322330a246275516d574a7264594a503543504b54626b51557173637776544761553434646f7264381a0608011a0208012880ade204 [] []
[2018-08-20 15:08:14] name.NOTICE: activateAddress,transactionblob: [] []
[2018-08-20 15:08:37] name.WARNING: account construct [] []
[2018-08-20 15:08:37] name.WARNING: account create [] []
[2018-08-20 15:08:37] name.WARNING: account createPirvateKey start [] []
[2018-08-20 15:08:37] name.WARNING: account createPirvateKey end,key:privbyffHWN25fNmSAnKWimwQDJBHbPzAyWuU9BkHkXotssbsqs8b84W [] []
[2018-08-20 15:08:37] name.WARNING: account createAddress start [] []
[2018-08-20 15:08:37] name.WARNING: account createAddress end,key:buQmWJrdYJP5CPKTbkQUqscwvTGaU44dord8 [] []
[2018-08-20 15:08:37] name.WARNING: account createPublicKey start [] []
[2018-08-20 15:08:37] name.WARNING: account createPublicKey end,key:b00115764cd017e0da753271fa26cd529451a21b8253d001f0d43612e19ec632570a74ab166b [] []
[2018-08-20 15:08:37] name.WARNING: account getNonce,address:buQnv2Ym4mCUyd4L9cvVAvBYaPF2Levt4Sds [] []
[2018-08-20 15:08:37] name.WARNING: getNonce,result:{
   "error_code" : 0,
   "result" : {
      "address" : "buQnv2Ym4mCUyd4L9cvVAvBYaPF2Levt4Sds",
      "assets" : null,
      "assets_hash" : "ad67d57ae19de8068dbcd47282146bd553fe9f684c57c8c114453863ee41abc3",
      "balance" : 19175889000,
      "metadatas" : null,
      "metadatas_hash" : "ad67d57ae19de8068dbcd47282146bd553fe9f684c57c8c114453863ee41abc3",
      "nonce" : 15,
      "priv" : {
         "master_weight" : 1,
         "thresholds" : {
            "tx_threshold" : 1
         }
      }
   }
} [] []
[2018-08-20 15:08:37] name.WARNING: account activate,sourceAddress:buQnv2Ym4mCUyd4L9cvVAvBYaPF2Levt4Sds,destAddress:buQmWJrdYJP5CPKTbkQUqscwvTGaU44dord8,initBalance:10000000,metadata:,nonce: [] []
[2018-08-20 15:08:37] name.NOTICE: Transaction baseTraction Transaction start [] []
[2018-08-20 15:08:38] name.NOTICE: Transaction baseTraction opers start [] []
[2018-08-20 15:08:38] name.NOTICE: account activate serializeToString start [] []
[2018-08-20 15:08:38] name.NOTICE: account activate,serialTran:0a246275516e7632596d346d43557964344c3963765641764259615046324c6576743453647310011880ade20420e8073a5d080112246275516e7632596d346d43557964344c3963765641764259615046324c6576743453647322330a246275516d574a7264594a503543504b54626b51557173637776544761553434646f7264381a0608011a0208012880ade204 [] []
[2018-08-20 15:08:38] name.NOTICE: activateAddress,transactionblob: [] []
[2018-08-20 15:09:27] name.WARNING: account construct [] []
[2018-08-20 15:09:27] name.WARNING: account create [] []
[2018-08-20 15:09:27] name.WARNING: account createPirvateKey start [] []
[2018-08-20 15:09:27] name.WARNING: account createPirvateKey end,key:privbvPDYzWxjTheyWCHCQC2jFvF3twfTCKTbbxhvPmnbQBULJ4pyHCF [] []
[2018-08-20 15:09:27] name.WARNING: account createAddress start [] []
[2018-08-20 15:09:27] name.WARNING: account createAddress end,key:buQmWJrdYJP5CPKTbkQUqscwvTGaU44dord8 [] []
[2018-08-20 15:09:27] name.WARNING: account createPublicKey start [] []
[2018-08-20 15:09:27] name.WARNING: account createPublicKey end,key:b00115764cd017e0da753271fa26cd529451a21b8253d001f0d43612e19ec632570a74ab166b [] []
[2018-08-20 15:09:27] name.WARNING: account getNonce,address:buQnv2Ym4mCUyd4L9cvVAvBYaPF2Levt4Sds [] []
[2018-08-20 15:09:27] name.WARNING: getNonce,result:{
   "error_code" : 0,
   "result" : {
      "address" : "buQnv2Ym4mCUyd4L9cvVAvBYaPF2Levt4Sds",
      "assets" : null,
      "assets_hash" : "ad67d57ae19de8068dbcd47282146bd553fe9f684c57c8c114453863ee41abc3",
      "balance" : 19175889000,
      "metadatas" : null,
      "metadatas_hash" : "ad67d57ae19de8068dbcd47282146bd553fe9f684c57c8c114453863ee41abc3",
      "nonce" : 15,
      "priv" : {
         "master_weight" : 1,
         "thresholds" : {
            "tx_threshold" : 1
         }
      }
   }
} [] []
[2018-08-20 15:09:27] name.WARNING: account activate,sourceAddress:buQnv2Ym4mCUyd4L9cvVAvBYaPF2Levt4Sds,destAddress:buQmWJrdYJP5CPKTbkQUqscwvTGaU44dord8,initBalance:10000000,metadata:,nonce: [] []
[2018-08-20 15:09:27] name.NOTICE: Transaction baseTraction Transaction start [] []
[2018-08-20 15:09:28] name.NOTICE: Transaction baseTraction opers start [] []
[2018-08-20 15:09:28] name.NOTICE: account activate serializeToString start [] []
[2018-08-20 15:09:28] name.NOTICE: account activate,serialTran:0a246275516e7632596d346d43557964344c3963765641764259615046324c6576743453647310011880ade20420e8073a5d080112246275516e7632596d346d43557964344c3963765641764259615046324c6576743453647322330a246275516d574a7264594a503543504b54626b51557173637776544761553434646f7264381a0608011a0208012880ade204 [] []
[2018-08-20 15:09:28] name.NOTICE: activateAddress,transactionblob: [] []
[2018-08-20 15:09:53] name.WARNING: account construct [] []
[2018-08-20 15:09:53] name.WARNING: account create [] []
[2018-08-20 15:09:53] name.WARNING: account createPirvateKey start [] []
[2018-08-20 15:09:53] name.WARNING: account createPirvateKey end,key:privbvsdirfQmXFVVdFmRoCcHy2muFdeRcFpUwyK7VdXPMXCxnpHpo2J [] []
[2018-08-20 15:09:53] name.WARNING: account createAddress start [] []
[2018-08-20 15:09:53] name.WARNING: account createAddress end,key:buQmWJrdYJP5CPKTbkQUqscwvTGaU44dord8 [] []
[2018-08-20 15:09:53] name.WARNING: account createPublicKey start [] []
[2018-08-20 15:09:53] name.WARNING: account createPublicKey end,key:b00115764cd017e0da753271fa26cd529451a21b8253d001f0d43612e19ec632570a74ab166b [] []
[2018-08-20 15:09:53] name.WARNING: account getNonce,address:buQnv2Ym4mCUyd4L9cvVAvBYaPF2Levt4Sds [] []
[2018-08-20 15:09:53] name.WARNING: getNonce,result:{
   "error_code" : 0,
   "result" : {
      "address" : "buQnv2Ym4mCUyd4L9cvVAvBYaPF2Levt4Sds",
      "assets" : null,
      "assets_hash" : "ad67d57ae19de8068dbcd47282146bd553fe9f684c57c8c114453863ee41abc3",
      "balance" : 19175889000,
      "metadatas" : null,
      "metadatas_hash" : "ad67d57ae19de8068dbcd47282146bd553fe9f684c57c8c114453863ee41abc3",
      "nonce" : 15,
      "priv" : {
         "master_weight" : 1,
         "thresholds" : {
            "tx_threshold" : 1
         }
      }
   }
} [] []
[2018-08-20 15:09:53] name.WARNING: account activate,sourceAddress:buQnv2Ym4mCUyd4L9cvVAvBYaPF2Levt4Sds,destAddress:buQmWJrdYJP5CPKTbkQUqscwvTGaU44dord8,initBalance:10000000,metadata:,nonce: [] []
[2018-08-20 15:09:53] name.NOTICE: Transaction baseTraction Transaction start [] []
[2018-08-20 15:09:55] name.NOTICE: Transaction baseTraction opers start [] []
[2018-08-20 15:09:55] name.NOTICE: account activate serializeToString start [] []
[2018-08-20 15:09:55] name.NOTICE: account activate,serialTran:0a246275516e7632596d346d43557964344c3963765641764259615046324c6576743453647310011880ade20420e8073a5d080112246275516e7632596d346d43557964344c3963765641764259615046324c6576743453647322330a246275516d574a7264594a503543504b54626b51557173637776544761553434646f7264381a0608011a0208012880ade204 [] []
[2018-08-20 15:09:55] name.NOTICE: activateAddress,transactionblob: [] []
[2018-08-20 16:02:56] name.WARNING: account construct [] []
[2018-08-20 16:02:56] name.WARNING: transaction construct [] []
[2018-08-20 16:02:56] name.WARNING: account create [] []
[2018-08-20 16:02:56] name.WARNING: account createPirvateKey start [] []
[2018-08-20 16:02:56] name.WARNING: account createPirvateKey end,key:privbrwpZJYLHka6EY4XtVeSLFGeQMWa7vVq3nBwVGPan5b6z5vf8J2h [] []
[2018-08-20 16:02:56] name.WARNING: account createAddress start [] []
[2018-08-20 16:02:56] name.WARNING: account createAddress end,key:buQmWJrdYJP5CPKTbkQUqscwvTGaU44dord8 [] []
[2018-08-20 16:02:56] name.WARNING: account createPublicKey start [] []
[2018-08-20 16:02:56] name.WARNING: account createPublicKey end,key:b00115764cd017e0da753271fa26cd529451a21b8253d001f0d43612e19ec632570a74ab166b [] []
[2018-08-20 16:02:56] name.WARNING: account getNonce,address:buQnv2Ym4mCUyd4L9cvVAvBYaPF2Levt4Sds [] []
[2018-08-20 16:02:57] name.WARNING: getNonce,result:{
   "error_code" : 0,
   "result" : {
      "address" : "buQnv2Ym4mCUyd4L9cvVAvBYaPF2Levt4Sds",
      "assets" : null,
      "assets_hash" : "ad67d57ae19de8068dbcd47282146bd553fe9f684c57c8c114453863ee41abc3",
      "balance" : 19175889000,
      "metadatas" : null,
      "metadatas_hash" : "ad67d57ae19de8068dbcd47282146bd553fe9f684c57c8c114453863ee41abc3",
      "nonce" : 15,
      "priv" : {
         "master_weight" : 1,
         "thresholds" : {
            "tx_threshold" : 1
         }
      }
   }
} [] []
[2018-08-20 16:02:57] name.WARNING: account activate,sourceAddress:buQnv2Ym4mCUyd4L9cvVAvBYaPF2Levt4Sds,destAddress:buQmWJrdYJP5CPKTbkQUqscwvTGaU44dord8,initBalance:10000000,metadata:,nonce:15 [] []
[2018-08-20 16:02:57] name.NOTICE: Transaction baseTraction Transaction start [] []
[2018-08-20 16:02:58] name.NOTICE: Transaction baseTraction opers start [] []
[2018-08-20 16:03:24] name.WARNING: account construct [] []
[2018-08-20 16:03:24] name.WARNING: transaction construct [] []
[2018-08-20 16:03:24] name.WARNING: account create [] []
[2018-08-20 16:03:24] name.WARNING: account createPirvateKey start [] []
[2018-08-20 16:03:24] name.WARNING: account createPirvateKey end,key:privbUouinwUpTB9NYtMY1GgAZAN8imJCxApeYCsYuwbvuahygXkMvfQ [] []
[2018-08-20 16:03:24] name.WARNING: account createAddress start [] []
[2018-08-20 16:03:24] name.WARNING: account createAddress end,key:buQmWJrdYJP5CPKTbkQUqscwvTGaU44dord8 [] []
[2018-08-20 16:03:24] name.WARNING: account createPublicKey start [] []
[2018-08-20 16:03:24] name.WARNING: account createPublicKey end,key:b00115764cd017e0da753271fa26cd529451a21b8253d001f0d43612e19ec632570a74ab166b [] []
[2018-08-20 16:03:24] name.WARNING: account getNonce,address:buQnv2Ym4mCUyd4L9cvVAvBYaPF2Levt4Sds [] []
[2018-08-20 16:03:24] name.WARNING: getNonce,result:{
   "error_code" : 0,
   "result" : {
      "address" : "buQnv2Ym4mCUyd4L9cvVAvBYaPF2Levt4Sds",
      "assets" : null,
      "assets_hash" : "ad67d57ae19de8068dbcd47282146bd553fe9f684c57c8c114453863ee41abc3",
      "balance" : 19175889000,
      "metadatas" : null,
      "metadatas_hash" : "ad67d57ae19de8068dbcd47282146bd553fe9f684c57c8c114453863ee41abc3",
      "nonce" : 15,
      "priv" : {
         "master_weight" : 1,
         "thresholds" : {
            "tx_threshold" : 1
         }
      }
   }
} [] []
[2018-08-20 16:03:24] name.WARNING: account activate,sourceAddress:buQnv2Ym4mCUyd4L9cvVAvBYaPF2Levt4Sds,destAddress:buQmWJrdYJP5CPKTbkQUqscwvTGaU44dord8,initBalance:10000000,metadata:,nonce:15 [] []
[2018-08-20 16:03:24] name.NOTICE: Transaction baseTraction Transaction start [] []
[2018-08-20 16:03:25] name.NOTICE: Transaction baseTraction opers start [] []
[2018-08-20 16:03:37] name.WARNING: account construct [] []
[2018-08-20 16:03:37] name.WARNING: transaction construct [] []
[2018-08-20 16:03:37] name.WARNING: account create [] []
[2018-08-20 16:03:37] name.WARNING: account createPirvateKey start [] []
[2018-08-20 16:03:37] name.WARNING: account createPirvateKey end,key:privbvP38xM7Wkj2gWFULHGo9hE2ZdQm2zv2Ar3c6NMVyZgyVNkKYkGx [] []
[2018-08-20 16:03:37] name.WARNING: account createAddress start [] []
[2018-08-20 16:03:37] name.WARNING: account createAddress end,key:buQmWJrdYJP5CPKTbkQUqscwvTGaU44dord8 [] []
[2018-08-20 16:03:37] name.WARNING: account createPublicKey start [] []
[2018-08-20 16:03:37] name.WARNING: account createPublicKey end,key:b00115764cd017e0da753271fa26cd529451a21b8253d001f0d43612e19ec632570a74ab166b [] []
[2018-08-20 16:03:37] name.WARNING: account getNonce,address:buQnv2Ym4mCUyd4L9cvVAvBYaPF2Levt4Sds [] []
[2018-08-20 16:03:37] name.WARNING: getNonce,result:{
   "error_code" : 0,
   "result" : {
      "address" : "buQnv2Ym4mCUyd4L9cvVAvBYaPF2Levt4Sds",
      "assets" : null,
      "assets_hash" : "ad67d57ae19de8068dbcd47282146bd553fe9f684c57c8c114453863ee41abc3",
      "balance" : 19175889000,
      "metadatas" : null,
      "metadatas_hash" : "ad67d57ae19de8068dbcd47282146bd553fe9f684c57c8c114453863ee41abc3",
      "nonce" : 15,
      "priv" : {
         "master_weight" : 1,
         "thresholds" : {
            "tx_threshold" : 1
         }
      }
   }
} [] []
[2018-08-20 16:03:37] name.WARNING: account activate,sourceAddress:buQnv2Ym4mCUyd4L9cvVAvBYaPF2Levt4Sds,destAddress:buQmWJrdYJP5CPKTbkQUqscwvTGaU44dord8,initBalance:10000000,metadata:,nonce:15 [] []
[2018-08-20 16:03:37] name.NOTICE: Transaction baseTraction Transaction start [] []
[2018-08-20 16:03:39] name.NOTICE: Transaction baseTraction opers start [] []
[2018-08-20 16:03:39] name.NOTICE: account activate serializeToString start [] []
[2018-08-20 16:03:39] name.NOTICE: account activate,serialTran:0a246275516e7632596d346d43557964344c3963765641764259615046324c6576743453647310101880ade20420e8073a5d080112246275516e7632596d346d43557964344c3963765641764259615046324c6576743453647322330a246275516d574a7264594a503543504b54626b51557173637776544761553434646f7264381a0608011a0208012880ade204 [] []
[2018-08-20 16:03:39] name.NOTICE: account activate,transactionblob: [] []
[2018-08-20 16:04:27] name.WARNING: account construct [] []
[2018-08-20 16:04:27] name.WARNING: transaction construct [] []
[2018-08-20 16:04:27] name.WARNING: account create [] []
[2018-08-20 16:04:27] name.WARNING: account createPirvateKey start [] []
[2018-08-20 16:04:27] name.WARNING: account createPirvateKey end,key:privbtGoDxKp6tWgU7fZDVMqMk6myuKvFiYreKKeYKsh1YQwdi7U284S [] []
[2018-08-20 16:04:27] name.WARNING: account createAddress start [] []
[2018-08-20 16:04:27] name.WARNING: account createAddress end,key:buQmWJrdYJP5CPKTbkQUqscwvTGaU44dord8 [] []
[2018-08-20 16:04:27] name.WARNING: account createPublicKey start [] []
[2018-08-20 16:04:27] name.WARNING: account createPublicKey end,key:b00115764cd017e0da753271fa26cd529451a21b8253d001f0d43612e19ec632570a74ab166b [] []
[2018-08-20 16:04:27] name.WARNING: account getNonce,address:buQnv2Ym4mCUyd4L9cvVAvBYaPF2Levt4Sds [] []
[2018-08-20 16:04:27] name.WARNING: getNonce,result:{
   "error_code" : 0,
   "result" : {
      "address" : "buQnv2Ym4mCUyd4L9cvVAvBYaPF2Levt4Sds",
      "assets" : null,
      "assets_hash" : "ad67d57ae19de8068dbcd47282146bd553fe9f684c57c8c114453863ee41abc3",
      "balance" : 19175889000,
      "metadatas" : null,
      "metadatas_hash" : "ad67d57ae19de8068dbcd47282146bd553fe9f684c57c8c114453863ee41abc3",
      "nonce" : 15,
      "priv" : {
         "master_weight" : 1,
         "thresholds" : {
            "tx_threshold" : 1
         }
      }
   }
} [] []
[2018-08-20 16:04:27] name.WARNING: account activate,sourceAddress:buQnv2Ym4mCUyd4L9cvVAvBYaPF2Levt4Sds,destAddress:buQmWJrdYJP5CPKTbkQUqscwvTGaU44dord8,initBalance:10000000,metadata:,nonce:15 [] []
[2018-08-20 16:04:27] name.NOTICE: Transaction baseTraction Transaction start [] []
[2018-08-20 16:04:28] name.NOTICE: Transaction baseTraction opers start [] []
[2018-08-20 16:04:28] name.NOTICE: account activate serializeToString start [] []
[2018-08-20 16:04:28] name.NOTICE: account activate,serialTran:0a246275516e7632596d346d43557964344c3963765641764259615046324c6576743453647310101880ade20420e8073a5d080112246275516e7632596d346d43557964344c3963765641764259615046324c6576743453647322330a246275516d574a7264594a503543504b54626b51557173637776544761553434646f7264381a0608011a0208012880ade204 [] []
[2018-08-20 16:04:28] name.NOTICE: account activate,transactionblob: [] []
[2018-08-20 16:05:13] name.WARNING: account construct [] []
[2018-08-20 16:05:13] name.WARNING: transaction construct [] []
[2018-08-20 16:05:13] name.WARNING: account create [] []
[2018-08-20 16:05:13] name.WARNING: account createPirvateKey start [] []
[2018-08-20 16:05:13] name.WARNING: account createPirvateKey end,key:privbybQmx8U7wMxRN9FeFdZrsr2rKtz415U6STnt2qw5R3jVrtYDVs6 [] []
[2018-08-20 16:05:13] name.WARNING: account createAddress start [] []
[2018-08-20 16:05:13] name.WARNING: account createAddress end,key:buQmWJrdYJP5CPKTbkQUqscwvTGaU44dord8 [] []
[2018-08-20 16:05:13] name.WARNING: account createPublicKey start [] []
[2018-08-20 16:05:13] name.WARNING: account createPublicKey end,key:b00115764cd017e0da753271fa26cd529451a21b8253d001f0d43612e19ec632570a74ab166b [] []
[2018-08-20 16:05:13] name.WARNING: account getNonce,address:buQnv2Ym4mCUyd4L9cvVAvBYaPF2Levt4Sds [] []
[2018-08-20 16:05:13] name.WARNING: getNonce,result:{
   "error_code" : 0,
   "result" : {
      "address" : "buQnv2Ym4mCUyd4L9cvVAvBYaPF2Levt4Sds",
      "assets" : null,
      "assets_hash" : "ad67d57ae19de8068dbcd47282146bd553fe9f684c57c8c114453863ee41abc3",
      "balance" : 19175889000,
      "metadatas" : null,
      "metadatas_hash" : "ad67d57ae19de8068dbcd47282146bd553fe9f684c57c8c114453863ee41abc3",
      "nonce" : 15,
      "priv" : {
         "master_weight" : 1,
         "thresholds" : {
            "tx_threshold" : 1
         }
      }
   }
} [] []
[2018-08-20 16:05:13] name.WARNING: account activate,sourceAddress:buQnv2Ym4mCUyd4L9cvVAvBYaPF2Levt4Sds,destAddress:buQmWJrdYJP5CPKTbkQUqscwvTGaU44dord8,initBalance:10000000,metadata:,nonce:15 [] []
[2018-08-20 16:05:13] name.NOTICE: Transaction baseTraction Transaction start [] []
[2018-08-20 16:05:15] name.NOTICE: Transaction baseTraction opers start [] []
[2018-08-20 16:05:15] name.NOTICE: account activate serializeToString start [] []
[2018-08-20 16:05:15] name.NOTICE: account activate,serialTran:0a246275516e7632596d346d43557964344c3963765641764259615046324c6576743453647310101880ade20420e8073a5d080112246275516e7632596d346d43557964344c3963765641764259615046324c6576743453647322330a246275516d574a7264594a503543504b54626b51557173637776544761553434646f7264381a0608011a0208012880ade204 [] []
[2018-08-20 16:05:15] name.NOTICE: account activate,transactionblob: [] []
[2018-08-20 16:05:15] name.NOTICE: getRawByPrivateKey,sourceRawPriKeyRet: [] []
[2018-08-20 16:05:15] name.WARNING: account construct [] []
[2018-08-20 16:12:16] name.WARNING: account construct [] []
[2018-08-20 16:12:16] name.WARNING: account checkValid,address:buQnv2Ym4mCUyd4L9cvVAvBYaPF2Levt4Sds [] []
[2018-08-20 16:12:16] name.WARNING: account checkValid,result:{
   "error_code" : 0,
   "result" : {
      "address" : "buQnv2Ym4mCUyd4L9cvVAvBYaPF2Levt4Sds",
      "assets" : null,
      "assets_hash" : "ad67d57ae19de8068dbcd47282146bd553fe9f684c57c8c114453863ee41abc3",
      "balance" : 19175889000,
      "metadatas" : null,
      "metadatas_hash" : "ad67d57ae19de8068dbcd47282146bd553fe9f684c57c8c114453863ee41abc3",
      "nonce" : 15,
      "priv" : {
         "master_weight" : 1,
         "thresholds" : {
            "tx_threshold" : 1
         }
      }
   }
} [] []
[2018-08-20 16:12:18] name.WARNING: account construct [] []
[2018-08-20 16:12:18] name.WARNING: account getInfo,address:buQnv2Ym4mCUyd4L9cvVAvBYaPF2Levt4Sds [] []
[2018-08-20 16:12:18] name.WARNING: account getInfo,result:{
   "error_code" : 0,
   "result" : {
      "address" : "buQnv2Ym4mCUyd4L9cvVAvBYaPF2Levt4Sds",
      "assets" : null,
      "assets_hash" : "ad67d57ae19de8068dbcd47282146bd553fe9f684c57c8c114453863ee41abc3",
      "balance" : 19175889000,
      "metadatas" : null,
      "metadatas_hash" : "ad67d57ae19de8068dbcd47282146bd553fe9f684c57c8c114453863ee41abc3",
      "nonce" : 15,
      "priv" : {
         "master_weight" : 1,
         "thresholds" : {
            "tx_threshold" : 1
         }
      }
   }
} [] []
[2018-08-20 16:12:21] name.WARNING: account construct [] []
[2018-08-20 16:12:21] name.WARNING: account getNonce,address:buQnv2Ym4mCUyd4L9cvVAvBYaPF2Levt4Sds [] []
[2018-08-20 16:12:21] name.WARNING: getNonce,result:{
   "error_code" : 0,
   "result" : {
      "address" : "buQnv2Ym4mCUyd4L9cvVAvBYaPF2Levt4Sds",
      "assets" : null,
      "assets_hash" : "ad67d57ae19de8068dbcd47282146bd553fe9f684c57c8c114453863ee41abc3",
      "balance" : 19175889000,
      "metadatas" : null,
      "metadatas_hash" : "ad67d57ae19de8068dbcd47282146bd553fe9f684c57c8c114453863ee41abc3",
      "nonce" : 15,
      "priv" : {
         "master_weight" : 1,
         "thresholds" : {
            "tx_threshold" : 1
         }
      }
   }
} [] []
[2018-08-20 16:12:23] name.WARNING: account construct [] []
[2018-08-20 16:12:23] name.WARNING: account getNonce,address:buQnv2Ym4mCUyd4L9cvVAvBYaPF2Levt4Sds [] []
[2018-08-20 16:12:23] name.WARNING: getNonce,result:{
   "error_code" : 0,
   "result" : {
      "address" : "buQnv2Ym4mCUyd4L9cvVAvBYaPF2Levt4Sds",
      "assets" : null,
      "assets_hash" : "ad67d57ae19de8068dbcd47282146bd553fe9f684c57c8c114453863ee41abc3",
      "balance" : 19175889000,
      "metadatas" : null,
      "metadatas_hash" : "ad67d57ae19de8068dbcd47282146bd553fe9f684c57c8c114453863ee41abc3",
      "nonce" : 15,
      "priv" : {
         "master_weight" : 1,
         "thresholds" : {
            "tx_threshold" : 1
         }
      }
   }
} [] []
[2018-08-20 16:12:25] name.WARNING: account construct [] []
[2018-08-20 16:12:25] name.WARNING: account getAssets,address:buQnv2Ym4mCUyd4L9cvVAvBYaPF2Levt4Sds [] []
[2018-08-20 16:12:25] name.WARNING: getAssets,result:{
   "error_code" : 0,
   "result" : {
      "address" : "buQnv2Ym4mCUyd4L9cvVAvBYaPF2Levt4Sds",
      "assets" : null,
      "assets_hash" : "ad67d57ae19de8068dbcd47282146bd553fe9f684c57c8c114453863ee41abc3",
      "balance" : 19175889000,
      "metadatas" : null,
      "metadatas_hash" : "ad67d57ae19de8068dbcd47282146bd553fe9f684c57c8c114453863ee41abc3",
      "nonce" : 15,
      "priv" : {
         "master_weight" : 1,
         "thresholds" : {
            "tx_threshold" : 1
         }
      }
   }
} [] []
[2018-08-20 16:14:31] name.WARNING: account construct [] []
[2018-08-20 16:14:31] name.WARNING: account checkValid,address:buQnv2Ym4mCUyd4L9cvVAvBYaPF2Levt4Sds [] []
[2018-08-20 16:14:33] name.WARNING: account checkValid,result:{
   "error_code" : 0,
   "result" : {
      "address" : "buQnv2Ym4mCUyd4L9cvVAvBYaPF2Levt4Sds",
      "assets" : null,
      "assets_hash" : "ad67d57ae19de8068dbcd47282146bd553fe9f684c57c8c114453863ee41abc3",
      "balance" : 19175889000,
      "metadatas" : null,
      "metadatas_hash" : "ad67d57ae19de8068dbcd47282146bd553fe9f684c57c8c114453863ee41abc3",
      "nonce" : 15,
      "priv" : {
         "master_weight" : 1,
         "thresholds" : {
            "tx_threshold" : 1
         }
      }
   }
} [] []
[2018-08-20 16:17:18] name.WARNING: account construct [] []
[2018-08-20 16:17:18] name.WARNING: account getInfo,address:buQnv2Ym4mCUyd4L9cvVAvBYaPF2Levt4Sds [] []
[2018-08-20 16:17:18] name.WARNING: account getInfo,result:{
   "error_code" : 0,
   "result" : {
      "address" : "buQnv2Ym4mCUyd4L9cvVAvBYaPF2Levt4Sds",
      "assets" : null,
      "assets_hash" : "ad67d57ae19de8068dbcd47282146bd553fe9f684c57c8c114453863ee41abc3",
      "balance" : 19175889000,
      "metadatas" : null,
      "metadatas_hash" : "ad67d57ae19de8068dbcd47282146bd553fe9f684c57c8c114453863ee41abc3",
      "nonce" : 15,
      "priv" : {
         "master_weight" : 1,
         "thresholds" : {
            "tx_threshold" : 1
         }
      }
   }
} [] []
[2018-08-20 16:17:46] name.WARNING: account construct [] []
[2018-08-20 16:17:46] name.WARNING: account getNonce,address:buQnv2Ym4mCUyd4L9cvVAvBYaPF2Levt4Sds [] []
[2018-08-20 16:17:46] name.WARNING: getNonce,result:{
   "error_code" : 0,
   "result" : {
      "address" : "buQnv2Ym4mCUyd4L9cvVAvBYaPF2Levt4Sds",
      "assets" : null,
      "assets_hash" : "ad67d57ae19de8068dbcd47282146bd553fe9f684c57c8c114453863ee41abc3",
      "balance" : 19175889000,
      "metadatas" : null,
      "metadatas_hash" : "ad67d57ae19de8068dbcd47282146bd553fe9f684c57c8c114453863ee41abc3",
      "nonce" : 15,
      "priv" : {
         "master_weight" : 1,
         "thresholds" : {
            "tx_threshold" : 1
         }
      }
   }
} [] []
[2018-08-20 16:20:14] name.WARNING: account construct [] []
[2018-08-20 16:20:14] name.WARNING: transaction construct [] []
[2018-08-20 16:20:14] name.WARNING: account create [] []
[2018-08-20 16:51:45] name.WARNING: account construct [] []
[2018-08-20 16:51:45] name.WARNING: transaction construct [] []
[2018-08-20 16:52:11] name.WARNING: account construct [] []
[2018-08-20 16:52:11] name.WARNING: transaction construct [] []
[2018-08-20 16:52:28] name.WARNING: account construct [] []
[2018-08-20 16:52:28] name.NOTICE: account,checkAddress:buQnv2Ym4mCUyd4L9cvVAvBYaPF2Levt4Sds [] []
[2018-08-20 16:52:33] name.WARNING: account construct [] []
[2018-08-20 16:52:46] name.WARNING: account construct [] []
[2018-08-20 16:52:46] name.NOTICE: account,checkAddress:buQnv2Ym4mCUyd4L9cvVAvBYaPF2Levt4Sd1 [] []
[2018-08-20 16:53:21] name.WARNING: account construct [] []
[2018-08-20 16:53:21] name.NOTICE: account,checkAddress:buQnv2Ym4mCUyd4L9cvVAvBYaPF2Levt4Sd1 [] []
[2018-08-20 16:53:21] name.NOTICE: account,ret:-3 [] []
[2018-08-20 16:56:31] name.WARNING: account construct [] []
[2018-08-20 16:56:31] name.NOTICE: Account,checkPublicKey:b001722452458fc9b514a43050fe7bc2451283eaed9978a531fd10d35e560c60b2316b89b829 [] []
[2018-08-20 16:56:42] name.WARNING: account construct [] []
[2018-08-20 16:56:42] name.NOTICE: Account,checkPublicKey:b001722452458fc9b514a43050fe7bc251283eaed9978a531fd10d35e560c60b2316b89b829 [] []
